<?xml version="1.0" encoding="UTF-8"?>
<!-- Generated by org.testng.reporters.JUnitReportReporter -->
<testsuite hostname="DESKTOP-L5FG45T" failures="0" tests="1" name="com.Itlearn.testcases.SearchTest" time="2.315" errors="0" timestamp="2024-05-28T11:18:59 EDT" skipped="0">
  <testcase classname="com.Itlearn.testcases.SearchTest" name="searchCourse" time="2.315"/>
</testsuite> <!-- com.Itlearn.testcases.SearchTest -->
